<?xml version="1.0" encoding="UTF-8"?>
<!-- Generated by org.testng.reporters.JUnitReportReporter -->
<testsuite hostname="DESKTOP-3TVRHOB" failures="0" tests="1" name="scripts.TestCase3" time="26.521" errors="0" timestamp="2022-10-22T17:13:13 IST" skipped="0">
  <testcase classname="scripts.TestCase3" name="tc3" time="26.521"/>
  <system-out/>
</testsuite> <!-- scripts.TestCase3 -->
