<?xml version="1.0" encoding="UTF-8"?>
<!-- Generated by org.testng.reporters.JUnitReportReporter -->
<testsuite hostname="DESKTOP-3TVRHOB" failures="0" tests="1" name="scripts.TestCase2" time="42.914" errors="0" timestamp="2022-10-22T17:13:13 IST" skipped="0">
  <testcase classname="scripts.TestCase2" name="tc2" time="42.914"/>
  <system-out/>
</testsuite> <!-- scripts.TestCase2 -->
