<?xml version="1.0" encoding="UTF-8"?>
<!-- Generated by org.testng.reporters.JUnitReportReporter -->
<testsuite hostname="DESKTOP-3TVRHOB" failures="0" tests="1" name="scripts.TestCase1" time="18.304" errors="0" timestamp="2022-10-22T17:13:13 IST" skipped="0">
  <testcase classname="scripts.TestCase1" name="tc1" time="18.304"/>
  <system-out/>
</testsuite> <!-- scripts.TestCase1 -->
